2024-10-10 20:45:35 [[32minfo[39m]: Listening on 8080
2024-10-10 20:47:54 [[32minfo[39m]: Listening on 8080
2024-10-10 20:48:01 [[32minfo[39m]: Listening on 8080
2024-10-10 20:49:16 [[32minfo[39m]: Listening on 8080
2024-10-10 20:49:20 [[31merror[39m]: Internal server error
2024-10-10 20:49:42 [[32minfo[39m]: Listening on 8080
2024-10-10 20:50:20 [[32minfo[39m]: Listening on 8080
2024-10-10 20:50:23 [[31merror[39m]: Users validation failed: password: Path `password` is required., email: Path `email` is required., last_name: Path `last_name` is required., first_name: Path `first_name` is required.
2024-10-10 20:52:24 [[32minfo[39m]: Listening on 8080
2024-10-10 20:52:31 [[31merror[39m]: Hola vengo a dar error
2024-10-10 20:52:56 [[32minfo[39m]: Listening on 8080
2024-10-10 20:54:11 [[32minfo[39m]: Listening on 8080
2024-10-10 20:54:51 [[32minfo[39m]: Listening on 8080
2024-10-10 20:55:01 [[32minfo[39m]: Listening on 8080
2024-10-10 20:55:05 [[31merror[39m]: [GET] api/mocks/mockingusers Users validation failed: password: Path `password` is required., email: Path `email` is required., last_name: Path `last_name` is required., first_name: Path `first_name` is required.
2024-10-21 18:07:46 [[32minfo[39m]: Listening on 8080
2024-10-21 18:26:28 [[32minfo[39m]: Listening on 8080
2024-10-21 18:43:13 [[32minfo[39m]: Listening on 8080
2024-10-21 19:48:50 [[32minfo[39m]: Listening on 8080
2024-10-21 20:00:40 [[32minfo[39m]: Listening on 8080
2024-10-21 20:00:49 [[31merror[39m]: _id Cast to ObjectId failed for value "{ petId: '6716d6fba9c28488719ddba8' }" (type Object) at path "_id" for model "Pets"
2024-10-21 20:02:16 [[31merror[39m]: _id Cast to ObjectId failed for value "{ petId: '6716dd638aeb18fc6dd04e9b' }" (type Object) at path "_id" for model "Pets"
2024-10-21 20:09:17 [[32minfo[39m]: Listening on 8080
2024-11-17 19:34:47 [[32minfo[39m]: Listening on 8080
2024-11-17 19:46:23 [[32minfo[39m]: Listening on 8080
2024-11-17 19:57:40 [[32minfo[39m]: Listening on 8080
2024-11-17 19:57:42 [[32minfo[39m]: Listening on 8080
2024-11-17 19:59:53 [[32minfo[39m]: Listening on 8080
2024-11-17 20:01:13 [[32minfo[39m]: Listening on 8080
2024-11-17 20:02:12 [[32minfo[39m]: Listening on 8080
2024-11-17 20:03:29 [[32minfo[39m]: Listening on 8080
2024-11-17 20:03:36 [[32minfo[39m]: Listening on 8080
2024-11-17 20:16:51 [[32minfo[39m]: Listening on 8080
2024-11-17 20:24:22 [[32minfo[39m]: Listening on 8080
2024-11-17 20:24:46 [[32minfo[39m]: Listening on 8080
2024-11-17 20:27:16 [[32minfo[39m]: Listening on 8080
2024-11-17 20:33:53 [[32minfo[39m]: Listening on 8080
2024-11-17 20:33:55 [[32minfo[39m]: Listening on 8080
2024-11-17 20:39:47 [[32minfo[39m]: Listening on 8080
2024-11-17 20:41:29 [[32minfo[39m]: Listening on 8080
2024-11-17 20:44:49 [[32minfo[39m]: Listening on 8080
2024-11-17 20:46:24 [[32minfo[39m]: Listening on 8080
2024-11-17 20:46:53 [[32minfo[39m]: Listening on 8080
2024-11-17 20:51:09 [[32minfo[39m]: Listening on 8080
2024-11-17 20:51:32 [[32minfo[39m]: Listening on 8080
2024-11-17 20:52:00 [[32minfo[39m]: Listening on 8080
2024-11-17 20:54:18 [[32minfo[39m]: Listening on 8080
2024-11-17 20:54:49 [[32minfo[39m]: Listening on 8080
2024-11-17 20:57:20 [[32minfo[39m]: Listening on 8080
2024-11-19 18:10:26 [[32minfo[39m]: Listening on 8080
2024-11-19 18:10:27 [[32minfo[39m]: Listening on 8080
2024-11-19 18:34:49 [[32minfo[39m]: Listening on 8080
2024-11-19 18:38:29 [[32minfo[39m]: Listening on 8080
2024-11-19 19:05:12 [[32minfo[39m]: Listening on 8080
2024-11-19 19:16:48 [[32minfo[39m]: Listening on 8080
2024-11-19 19:16:49 [[32minfo[39m]: Listening on 8080
2024-11-19 19:25:20 [[32minfo[39m]: Listening on 8080
2024-11-19 19:44:21 [[32minfo[39m]: Listening on 8080
2024-11-19 19:45:20 [[31merror[39m]: undefined Expected double-quoted property name in JSON at position 54
2024-11-19 19:45:30 [[31merror[39m]: undefined Expected double-quoted property name in JSON at position 54
2024-11-22 18:12:12 [[32minfo[39m]: Listening on 8080
2024-11-22 18:12:14 [[32minfo[39m]: Listening on 8080
2024-11-22 18:12:31 [[32minfo[39m]: Listening on 8080
2024-11-22 18:14:23 [[32minfo[39m]: Listening on 8080
2024-11-22 18:17:30 [[32minfo[39m]: Listening on 8080
2024-11-22 19:02:37 [[32minfo[39m]: Listening on 8080
2024-11-23 19:11:28 [[32minfo[39m]: Listening on 8080
2024-11-23 19:20:17 [[32minfo[39m]: Listening on 8080
2024-11-23 19:26:48 [[32minfo[39m]: Listening on 8080
2024-11-23 19:27:39 [[32minfo[39m]: Listening on 8080
2024-11-25 17:06:11 [[32minfo[39m]: Listening on 8080
2024-11-25 17:08:58 [[32minfo[39m]: Listening on 8080
2024-11-25 17:30:05 [[32minfo[39m]: Listening on 8080
2024-11-25 17:30:58 [[32minfo[39m]: Listening on 8080
2024-11-25 17:33:08 [[32minfo[39m]: Listening on 8080
2024-11-25 17:33:48 [[32minfo[39m]: Listening on 8080
2024-11-25 17:37:26 [[32minfo[39m]: Listening on 8080
2024-11-25 17:38:04 [[32minfo[39m]: Listening on 8080
2024-11-25 17:56:42 [[32minfo[39m]: Listening on 8080
2024-11-25 18:07:48 [[32minfo[39m]: Listening on 8080
2024-11-25 18:07:49 [[32minfo[39m]: Listening on 8080
2024-11-25 18:09:21 [[32minfo[39m]: Listening on 8080
2024-11-25 18:10:52 [[32minfo[39m]: Listening on 8080
2024-11-25 18:16:34 [[32minfo[39m]: Listening on 8080
2024-11-25 18:19:28 [[32minfo[39m]: Listening on 8080
2024-11-27 19:35:27 [[32minfo[39m]: Listening on 8080
2024-11-27 19:58:44 [[32minfo[39m]: Listening on 8080
2024-11-27 19:59:40 [[32minfo[39m]: Listening on 8080
2024-11-27 20:18:54 [[32minfo[39m]: Listening on 8080
2024-11-27 20:21:52 [[32minfo[39m]: Listening on 8080
2024-11-28 15:39:35 [[32minfo[39m]: Listening on 8080
2024-11-28 15:50:13 [[32minfo[39m]: Listening on 8080
2024-11-28 15:50:44 [[32minfo[39m]: Listening on 8080
2024-11-28 16:38:47 [[32minfo[39m]: Listening on 8080
2024-11-28 16:38:50 [[32minfo[39m]: Listening on 8080
2024-11-28 16:39:46 [[32minfo[39m]: Listening on 8080
2024-11-28 16:39:57 [[32minfo[39m]: Listening on 8080
2024-11-28 17:54:49 [[32minfo[39m]: Listening on 8080
2024-11-28 17:54:52 [[32minfo[39m]: Listening on 8080
2024-11-28 17:55:39 [[32minfo[39m]: Listening on 8080
2024-11-28 17:56:20 [[32minfo[39m]: Listening on 8080
2024-11-28 17:58:12 [[32minfo[39m]: Listening on 8080
2024-11-28 18:49:04 [[32minfo[39m]: Listening on 8080
2024-11-28 18:54:21 [[32minfo[39m]: Listening on 8080
2024-11-28 18:55:14 [[32minfo[39m]: Listening on 8080
2024-11-28 18:55:17 [[32minfo[39m]: Listening on 8080
2024-11-28 18:56:23 [[32minfo[39m]: Listening on 8080
2024-11-28 18:57:12 [[32minfo[39m]: Listening on 8080
2024-11-28 18:57:17 [[32minfo[39m]: Listening on 8080
2024-11-28 18:58:00 [[32minfo[39m]: Listening on 8080
2024-11-28 18:59:06 [[32minfo[39m]: Listening on 8080
2024-11-28 19:16:13 [[32minfo[39m]: Listening on 8080
2024-11-28 19:24:43 [[32minfo[39m]: Listening on 8080
2024-11-28 19:26:46 [[32minfo[39m]: Listening on 8080
2024-11-28 19:28:54 [[32minfo[39m]: Listening on 8080
2024-11-28 19:29:37 [[32minfo[39m]: Listening on 8080
2024-11-28 19:29:43 [[32minfo[39m]: Listening on 8080
2024-11-28 19:31:00 [[32minfo[39m]: Listening on 8080
2024-11-28 19:41:00 [[31merror[39m]: undefined this.userServices.getUserByEmail is not a function
2024-11-28 19:44:53 [[32minfo[39m]: Listening on 8080
2024-11-28 19:46:27 [[32minfo[39m]: Listening on 8080
2024-11-28 19:49:00 [[32minfo[39m]: Listening on 8080
2024-11-28 19:50:31 [[32minfo[39m]: Listening on 8080
2024-11-28 19:52:29 [[32minfo[39m]: Listening on 8080
2024-11-28 19:55:47 [[32minfo[39m]: Listening on 8080
2024-11-28 19:55:50 [[32minfo[39m]: Listening on 8080
2024-11-28 19:56:43 [[32minfo[39m]: Listening on 8080
2024-11-28 19:56:52 [[31merror[39m]: _id Cast to ObjectId failed for value "emailtest13@gmail.com" (type string) at path "_id" for model "Users"
2024-11-28 19:57:22 [[31merror[39m]: _id Cast to ObjectId failed for value "emailtest14@gmail.com" (type string) at path "_id" for model "Users"
2024-11-28 20:01:47 [[32minfo[39m]: Listening on 8080
2024-11-28 20:02:00 [[32minfo[39m]: Listening on 8080
2024-11-28 20:02:04 [[32minfo[39m]: Listening on 8080
2024-11-28 20:02:11 [[32minfo[39m]: Listening on 8080
2024-11-28 20:05:35 [[32minfo[39m]: Listening on 8080
2024-11-28 20:09:57 [[32minfo[39m]: Listening on 8080
2024-11-28 20:10:02 [[31merror[39m]: undefined Parameter "filter" to findOne() must be an object, got "emailtest14@gmail.com" (type string)
2024-11-28 20:14:20 [[32minfo[39m]: Listening on 8080
2024-11-28 20:14:22 [[31merror[39m]: undefined Parameter "filter" to findOne() must be an object, got "emailtest14@gmail.com" (type string)
2024-11-28 20:15:44 [[32minfo[39m]: Listening on 8080
2024-11-28 20:16:10 [[32minfo[39m]: Listening on 8080
2024-11-28 20:17:09 [[32minfo[39m]: Listening on 8080
2024-11-28 20:18:43 [[32minfo[39m]: Listening on 8080
2024-11-28 20:19:43 [[32minfo[39m]: Listening on 8080
2024-11-28 20:19:55 [[31merror[39m]: undefined Parameter "filter" to findOne() must be an object, got "emailtest14@gmail.com" (type string)
2024-11-28 20:20:31 [[32minfo[39m]: Listening on 8080
2024-11-28 20:20:49 [[32minfo[39m]: Listening on 8080
2024-11-28 20:20:51 [[31merror[39m]: undefined Parameter "filter" to findOne() must be an object, got "emailtest14@gmail.com" (type string)
2024-11-28 20:22:38 [[32minfo[39m]: Listening on 8080
2024-11-28 20:22:41 [[31merror[39m]: undefined Parameter "filter" to findOne() must be an object, got "emailtest14@gmail.com" (type string)
2024-11-28 20:36:42 [[32minfo[39m]: Listening on 8080
2024-11-28 20:37:27 [[32minfo[39m]: Listening on 8080
2024-11-28 20:41:11 [[31merror[39m]: undefined Parameter "filter" to findOne() must be an object, got "emailtest14@gmail.com" (type string)
2024-11-28 20:42:05 [[32minfo[39m]: Listening on 8080
2024-11-28 20:45:24 [[32minfo[39m]: Listening on 8080
2024-11-28 20:45:44 [[32minfo[39m]: Listening on 8080
2024-11-28 20:46:29 [[32minfo[39m]: Listening on 8080
2024-11-28 20:46:58 [[32minfo[39m]: Listening on 8080
2024-11-28 20:47:51 [[31merror[39m]: undefined Parameter "filter" to findOne() must be an object, got "emailtest15@gmail.com" (type string)
2024-11-28 20:51:44 [[32minfo[39m]: Listening on 8080
2024-11-28 20:52:05 [[32minfo[39m]: Listening on 8080
2024-11-29 14:52:47 [[32minfo[39m]: Listening on 8080
2024-11-29 14:55:56 [[32minfo[39m]: Listening on 8080
2024-11-29 15:11:27 [[32minfo[39m]: Listening on 8080
2024-11-29 15:30:51 [[32minfo[39m]: Listening on 8080
2024-11-29 15:33:23 [[32minfo[39m]: Listening on 8080
2024-11-29 15:33:48 [[32minfo[39m]: Listening on 8080
2024-11-29 15:33:59 [[32minfo[39m]: Listening on 8080
2024-11-29 15:34:02 [[32minfo[39m]: Listening on 8080
2024-11-29 15:38:56 [[32minfo[39m]: Listening on 8080
2024-11-29 15:39:53 [[32minfo[39m]: Listening on 8080
2024-11-29 15:41:01 [[32minfo[39m]: Listening on 8080
2024-11-29 15:42:48 [[32minfo[39m]: Listening on 8080
2024-11-29 15:43:09 [[32minfo[39m]: Listening on 8080
2024-11-29 15:50:38 [[32minfo[39m]: Listening on 8080
2024-11-29 15:52:46 [[32minfo[39m]: Listening on 8080
2024-11-29 15:52:49 [[32minfo[39m]: Listening on 8080
2024-11-29 15:53:25 [[32minfo[39m]: Listening on 8080
2024-11-29 18:12:26 [[32minfo[39m]: Listening on 8080
2024-11-29 18:12:29 [[32minfo[39m]: Listening on 8080
2024-11-29 18:18:46 [[32minfo[39m]: Listening on 8080
2024-11-29 18:22:14 [[32minfo[39m]: Listening on 8080
2024-11-29 18:49:00 [[32minfo[39m]: Listening on 8080
2024-11-29 18:54:06 [[32minfo[39m]: Listening on 8080
2024-11-29 18:54:13 [[31merror[39m]: undefined usersService is not defined
2024-11-29 18:59:04 [[32minfo[39m]: Listening on 8080
2024-11-29 18:59:50 [[32minfo[39m]: Listening on 8080
2024-11-29 19:00:14 [[32minfo[39m]: Listening on 8080
2024-11-29 19:00:21 [[32minfo[39m]: Listening on 8080
2024-11-29 19:00:32 [[32minfo[39m]: Listening on 8080
2024-11-29 19:00:54 [[32minfo[39m]: Listening on 8080
2024-11-29 19:01:01 [[32minfo[39m]: Listening on 8080
2024-11-29 19:01:05 [[31merror[39m]: undefined usersService is not defined
2024-11-29 19:01:52 [[32minfo[39m]: Listening on 8080
2024-11-29 19:01:54 [[31merror[39m]: undefined usersService is not defined
2024-11-29 19:02:18 [[32minfo[39m]: Listening on 8080
2024-11-29 19:02:19 [[31merror[39m]: undefined usersService is not defined
2024-11-29 19:04:05 [[32minfo[39m]: Listening on 8080
2024-11-29 19:05:04 [[32minfo[39m]: Listening on 8080
2024-11-29 19:05:43 [[32minfo[39m]: Listening on 8080
2024-11-29 19:06:07 [[32minfo[39m]: Listening on 8080
2024-11-29 19:06:08 [[31merror[39m]: undefined usersService is not defined
2024-11-29 19:06:26 [[32minfo[39m]: Listening on 8080
2024-11-29 19:06:28 [[31merror[39m]: undefined usersService is not defined
2024-11-29 19:09:28 [[32minfo[39m]: Listening on 8080
2024-11-29 19:10:00 [[32minfo[39m]: Listening on 8080
2024-11-29 19:10:21 [[32minfo[39m]: Listening on 8080
2024-11-29 19:11:06 [[32minfo[39m]: Listening on 8080
2024-11-29 19:11:38 [[32minfo[39m]: Listening on 8080
2024-11-29 19:11:43 [[31merror[39m]: undefined usersService is not defined
2024-11-29 19:14:23 [[32minfo[39m]: Listening on 8080
2024-11-29 19:14:26 [[32minfo[39m]: Listening on 8080
2024-11-29 19:19:22 [[32minfo[39m]: Listening on 8080
2024-11-29 19:19:22 [[31merror[39m]: undefined usersService is not defined
2024-11-29 19:24:37 [[31merror[39m]: undefined usersService is not defined
2024-11-29 19:25:43 [[32minfo[39m]: Listening on 8080
2024-11-29 19:25:45 [[31merror[39m]: undefined usersService is not defined
2024-11-29 19:25:48 [[32minfo[39m]: Listening on 8080
2024-11-29 19:26:16 [[32minfo[39m]: Listening on 8080
2024-11-29 19:26:19 [[31merror[39m]: undefined usersService is not defined
2024-11-29 19:33:08 [[32minfo[39m]: Listening on 8080
2024-11-29 19:43:59 [[32minfo[39m]: Listening on 8080
2024-11-29 19:44:10 [[31merror[39m]: undefined usersService is not defined
2024-11-29 19:45:04 [[31merror[39m]: undefined usersService is not defined
2024-11-29 19:46:57 [[32minfo[39m]: Listening on 8080
2024-11-29 19:47:03 [[31merror[39m]: undefined petsService is not defined
2024-11-29 19:48:30 [[32minfo[39m]: Listening on 8080
2024-11-29 19:48:35 [[31merror[39m]: undefined petsService is not defined
2024-11-29 19:49:52 [[32minfo[39m]: Listening on 8080
2024-11-29 19:49:57 [[31merror[39m]: undefined petsService is not defined
2024-11-29 19:52:24 [[32minfo[39m]: Listening on 8080
2024-11-29 19:52:28 [[31merror[39m]: undefined this.petsService.getBy is not a function
2024-11-29 19:53:33 [[32minfo[39m]: Listening on 8080
2024-11-29 19:54:19 [[32minfo[39m]: Listening on 8080
2024-11-29 19:54:36 [[32minfo[39m]: Listening on 8080
2024-11-29 20:07:11 [[32minfo[39m]: Listening on 8080
2024-11-29 20:08:15 [[32minfo[39m]: Listening on 8080
2024-11-29 20:09:34 [[32minfo[39m]: Listening on 8080
2024-11-29 20:11:31 [[32minfo[39m]: Listening on 8080
2024-11-29 20:12:10 [[32minfo[39m]: Listening on 8080
2024-11-29 20:15:29 [[32minfo[39m]: Listening on 8080
2024-11-29 20:15:33 [[32minfo[39m]: Listening on 8080
2024-11-29 20:21:52 [[32minfo[39m]: Listening on 8080
2024-11-29 20:42:07 [[32minfo[39m]: Listening on 8080
2024-11-29 20:46:29 [[32minfo[39m]: Listening on 8080
2024-11-29 20:46:42 [[32minfo[39m]: Listening on 8080
2024-11-30 01:31:15 [[32minfo[39m]: Listening on 8080
2024-11-30 01:31:18 [[32minfo[39m]: Listening on 8080
2024-11-30 01:31:32 [[32minfo[39m]: Listening on 8080
2024-12-01 15:24:32 [[32minfo[39m]: Listening on 8080
2024-12-01 15:24:36 [[32minfo[39m]: Listening on 8080
2024-12-01 19:13:16 [[32minfo[39m]: Listening on 8080
2024-12-01 19:13:19 [[32minfo[39m]: Listening on 8080
